[debug] > Exec(early(addDefaultCommands), None, None)
[debug] > Exec(addDefaultCommands, None, None)
[debug] > Exec(early(initialize), None, None)
[debug] > Exec(initialize, None, None)
[debug] > Exec(early(addPluginSbtFile="""C:\Users\jhona\AppData\Local\Temp\idea2.sbt"""), None, None)
[debug] > Exec(addPluginSbtFile="""C:\Users\jhona\AppData\Local\Temp\idea2.sbt""", None, None)
[debug] > Exec(boot, None, None)
[debug] > Exec(writeSbtVersion, None, None)
[debug] > Exec(reload, None, None)
[debug] > Exec(sbtStashOnFailure, None, None)
[debug] > Exec(onFailure loadFailed, None, None)
[debug] > Exec(loadp, None, None)
[info] welcome to sbt 1.10.1 (Oracle Corporation Java 21.0.1)
[debug] Load.defaultLoad until apply took 66.9403ms
[debug]           Load.loadUnit: plugins took 49.3696ms
[debug]           Load.loadUnit: defsScala took 0.143ms
[debug] [Loading] Scanning directory C:\Users\jhona\Documents\grupal\grupal\project
[debug]             Load.loadUnit: mkEval took 6.3424ms
[debug] [Loading] Found non-root projects 
[debug] [Loading] Done in C:\Users\jhona\Documents\grupal\grupal\project, returning: ()
[debug] deducing auto plugins based on known facts Set(Atom(sbt.plugins.CorePlugin)) and clauses Clauses(Clause(Atom(sbt.plugins.JvmPlugin),Set(Atom(sbt.plugins.IvyPlugin)))
[debug] Clause(Atom(sbt.ScriptedPlugin),Set(Atom(sbt.plugins.JvmPlugin)))
[debug] Clause(Atom(sbt.plugins.SbtPlugin),Set(Atom(sbt.ScriptedPlugin)))
[debug] Clause(Atom(sbt.plugins.SemanticdbPlugin),Set(Atom(sbt.plugins.JvmPlugin)))
[debug] Clause(Atom(sbt.plugins.JUnitXmlReportPlugin),Set(Atom(sbt.plugins.JvmPlugin)))
[debug] Clause(Atom(sbt.plugins.MiniDependencyTreePlugin),Set(Atom(sbt.plugins.JvmPlugin)))
[debug] Clause(Atom(sbt.plugins.CorePlugin),Set(Atom(sbt.plugins.IvyPlugin)))
[debug] Clause(Atom(sbt.plugins.IvyPlugin),Set(Atom(sbt.plugins.JvmPlugin)))
[debug] Clause(Atom(sbt.plugins.JvmPlugin),Set(Atom(sbt.plugins.SemanticdbPlugin)))
[debug] Clause(Atom(sbt.plugins.JvmPlugin),Set(Atom(sbt.plugins.JUnitXmlReportPlugin)))
[debug] Clause(Atom(sbt.plugins.CorePlugin),Set(Atom(sbt.plugins.Giter8TemplatePlugin)))
[debug] Clause(Atom(sbt.plugins.JvmPlugin),Set(Atom(sbt.plugins.MiniDependencyTreePlugin))))
[debug]   :: deduced result: Matched(sbt.plugins.CorePlugin,sbt.plugins.Giter8TemplatePlugin,sbt.plugins.IvyPlugin,sbt.plugins.JvmPlugin,sbt.plugins.MiniDependencyTreePlugin,sbt.plugins.JUnitXmlReportPlugin,sbt.plugins.SemanticdbPlugin)
[debug] Plugins.deducer#function took 8.4671 ms
[info] loading settings for project grupal-build from idea2.sbt ...
[debug]               Load.resolveProject(grupal-build) took 32.42ms
[debug]             Load.loadTransitive: finalizeProject(Project(id grupal-build, base: C:\Users\jhona\Documents\grupal\grupal\project, plugins: List(<none>))) took 45.1773ms
[debug] [Loading] Done in C:\Users\jhona\Documents\grupal\grupal\project, returning: (grupal-build)
[debug]           Load.loadUnit: loadedProjectsRaw took 1471.4987ms
[debug]           Load.loadUnit: cleanEvalClasses took 17.4045ms
[debug]         Load.loadUnit(file:/C:/Users/jhona/Documents/grupal/grupal/project/, ...) took 1546.2449ms
[debug]       Load.apply: load took 1643.0099ms
[debug]       Load.apply: resolveProjects took 2.4448ms
[debug]       Load.apply: finalTransforms took 33.2449ms
[debug]       Load.apply: config.delegates took 3.2914ms
[debug]       Load.apply: Def.make(settings)... took 258.3798ms
[debug]       Load.apply: structureIndex took 49.6585ms
[debug]       Load.apply: mkStreams took 0.9916ms
[info] loading project definition from C:\Users\jhona\Documents\grupal\grupal\project
[debug] Running task... Cancel: Signal, check cycles: false, forcegc: true
[debug]     Load.loadUnit: plugins took 3801.9989ms
[debug]     Load.loadUnit: defsScala took 0.0023ms
[debug] [Loading] Scanning directory C:\Users\jhona\Documents\grupal\grupal
[debug]       Load.loadUnit: mkEval took 0.2605ms
[debug] [Loading] Found root project root w/ remaining 
[debug] deducing auto plugins based on known facts Set(Atom(sbt.plugins.CorePlugin)) and clauses Clauses(Clause(Atom(sbt.plugins.JvmPlugin),Set(Atom(sbt.plugins.IvyPlugin)))
[debug] Clause(Atom(sbt.ScriptedPlugin),Set(Atom(sbt.plugins.JvmPlugin)))
[debug] Clause(Atom(sbt.plugins.SbtPlugin),Set(Atom(sbt.ScriptedPlugin)))
[debug] Clause(Atom(sbt.plugins.SemanticdbPlugin),Set(Atom(sbt.plugins.JvmPlugin)))
[debug] Clause(Atom(sbt.plugins.JUnitXmlReportPlugin),Set(Atom(sbt.plugins.JvmPlugin)))
[debug] Clause(Atom(sbt.plugins.MiniDependencyTreePlugin),Set(Atom(sbt.plugins.JvmPlugin)))
[debug] Clause(Atom(org.jetbrains.sbt.StructurePlugin),Set(Atom(sbt.plugins.JvmPlugin)))
[debug] Clause(Atom(org.jetbrains.sbt.IdeaShellPlugin),Set(Atom(sbt.plugins.JvmPlugin)))
[debug] Clause(Atom(org.jetbrains.sbt.indices.SbtIntellijIndicesPlugin),Set(Atom(sbt.plugins.JvmPlugin)))
[debug] Clause(Atom(sbt.plugins.CorePlugin),Set(Atom(sbt.plugins.IvyPlugin)))
[debug] Clause(Atom(sbt.plugins.IvyPlugin),Set(Atom(sbt.plugins.JvmPlugin)))
[debug] Clause(Atom(sbt.plugins.JvmPlugin),Set(Atom(sbt.plugins.SemanticdbPlugin)))
[debug] Clause(Atom(sbt.plugins.JvmPlugin),Set(Atom(sbt.plugins.JUnitXmlReportPlugin)))
[debug] Clause(Atom(sbt.plugins.CorePlugin),Set(Atom(sbt.plugins.Giter8TemplatePlugin)))
[debug] Clause(Atom(sbt.plugins.JvmPlugin),Set(Atom(sbt.plugins.MiniDependencyTreePlugin)))
[debug] Clause(Atom(sbt.plugins.JvmPlugin),Set(Atom(org.jetbrains.sbt.StructurePlugin)))
[debug] Clause(Atom(sbt.plugins.JvmPlugin),Set(Atom(org.jetbrains.sbt.IdeaShellPlugin)))
[debug] Clause(And(Set(Atom(sbt.plugins.CorePlugin), Atom(sbt.plugins.JvmPlugin))),Set(Atom(org.jetbrains.sbt.indices.SbtIntellijIndicesPlugin))))
[debug]   :: deduced result: Matched(sbt.plugins.CorePlugin,sbt.plugins.Giter8TemplatePlugin,sbt.plugins.IvyPlugin,sbt.plugins.JvmPlugin,sbt.plugins.SemanticdbPlugin,org.jetbrains.sbt.indices.SbtIntellijIndicesPlugin,sbt.plugins.JUnitXmlReportPlugin,org.jetbrains.sbt.IdeaShellPlugin,org.jetbrains.sbt.StructurePlugin,sbt.plugins.MiniDependencyTreePlugin)
[debug] Plugins.deducer#function took 2.06 ms
[info] loading settings for project root from build.sbt ...
[debug]         Load.resolveProject(root) took 19.2163ms
[debug]       Load.loadTransitive: finalizeProject(Project(id root, base: C:\Users\jhona\Documents\grupal\grupal, plugins: List(<none>))) took 22.388ms
[debug] [Loading] Done in C:\Users\jhona\Documents\grupal\grupal, returning: (root)
[debug]     Load.loadUnit: loadedProjectsRaw took 844.6335ms
[debug]     Load.loadUnit: cleanEvalClasses took 13.2035ms
[debug]   Load.loadUnit(file:/C:/Users/jhona/Documents/grupal/grupal/, ...) took 4660.9443ms
[debug] Load.apply: load took 4670.8776ms
[debug] Load.apply: resolveProjects took 0.106ms
[debug] Load.apply: finalTransforms took 17.3131ms
[debug] Load.apply: config.delegates took 0.1947ms
[debug] Load.apply: Def.make(settings)... took 49.9301ms
[debug] Load.apply: structureIndex took 20.7212ms
[debug] Load.apply: mkStreams took 0.0035ms
[info] set current project to grupal (in build file:/C:/Users/jhona/Documents/grupal/grupal/)
[debug] > Exec(sbtPopOnFailure, None, None)
[debug] > Exec(resumeFromFailure, None, None)
[debug] > Exec(notifyUsersAboutShell, None, None)
[debug] > Exec(iflast shell, None, None)
[debug] > Exec(; set ideaPort in Global := 49799 ; idea-shell, None, None)
[debug] > Exec(set ideaPort in Global := 49799, None, None)
[info] Defining Global / ideaPort
[info] The new value will be used by Compile / compile, Test / compile
[debug] Defining 
[debug] 	Global / ideaPort
[debug] 
[debug] The new value will be used by 
[debug] 	Compile / compile
[debug] 	Test / compile
[info] Reapplying settings...
[info] set current project to grupal (in build file:/C:/Users/jhona/Documents/grupal/grupal/)
[debug] > Exec(idea-shell, None, None)
